#
# There is insufficient memory for the Java Runtime Environment to continue.
# Native memory allocation (mmap) failed to map 130023424 bytes for G1 virtual space
# Possible reasons:
#   The system is out of physical RAM or swap space
#   The process is running with CompressedOops enabled, and the Java Heap may be blocking the growth of the native heap
# Possible solutions:
#   Reduce memory load on the system
#   Increase physical memory or swap space
#   Check if swap backing store is full
#   Decrease Java heap size (-Xmx/-Xms)
#   Decrease number of Java threads
#   Decrease Java thread stack sizes (-Xss)
#   Set larger code cache with -XX:ReservedCodeCacheSize=
#   JVM is running with Unscaled Compressed Oops mode in which the Java heap is
#     placed in the first 4GB address space. The Java Heap base address is the
#     maximum limit for the native heap growth. Please use -XX:HeapBaseMinAddress
#     to set the Java Heap base and to place the Java Heap above 4GB virtual address.
# This output file may be truncated or incomplete.
#
#  Out of Memory Error (os_windows.cpp:3548), pid=7636, tid=21116
#
# JRE version:  (17.0.12+8) (build )
# Java VM: Java HotSpot(TM) 64-Bit Server VM (17.0.12+8-LTS-286, mixed mode, sharing, tiered, compressed oops, compressed class ptrs, g1 gc, windows-amd64)
# No core dump will be written. Minidumps are not enabled by default on client versions of Windows
#

---------------  S U M M A R Y ------------

Command Line: -Dfile.encoding=UTF-8 -Dstdout.encoding=UTF-8 -Dstderr.encoding=UTF-8 -XX:+ShowCodeDetailsInExceptionMessages tcc1.Tela

Host: 11th Gen Intel(R) Core(TM) i5-1135G7 @ 2.40GHz, 8 cores, 7G,  Windows 11 , 64 bit Build 26100 (10.0.26100.3037)
Time: Sat Feb 15 12:02:01 2025 Hora oficial do Brasil elapsed time: 2.028542 seconds (0d 0h 0m 2s)

---------------  T H R E A D  ---------------

Current thread (0x000001de33e6deb0):  JavaThread "Unknown thread" [_thread_in_vm, id=21116, stack(0x0000003aa7400000,0x0000003aa7500000)]

Stack: [0x0000003aa7400000,0x0000003aa7500000]
Native frames: (J=compiled Java code, j=interpreted, Vv=VM code, C=native code)
V  [jvm.dll+0x67a04a]
V  [jvm.dll+0x7da4ed]
V  [jvm.dll+0x7dbe33]
V  [jvm.dll+0x7dc4a3]
V  [jvm.dll+0x24508f]
V  [jvm.dll+0x677089]
V  [jvm.dll+0x66bd32]
V  [jvm.dll+0x301fa6]
V  [jvm.dll+0x309546]
V  [jvm.dll+0x359d2e]
V  [jvm.dll+0x359f5f]
V  [jvm.dll+0x2d9078]
V  [jvm.dll+0x2d9fe4]
V  [jvm.dll+0x7aca21]
V  [jvm.dll+0x367591]
V  [jvm.dll+0x78b999]
V  [jvm.dll+0x3ec83f]
V  [jvm.dll+0x3ee471]
C  [jli.dll+0x5297]
C  [ucrtbase.dll+0x37b0]
C  [KERNEL32.DLL+0x2e8d7]
C  [ntdll.dll+0xbbf2c]


---------------  P R O C E S S  ---------------

Threads class SMR info:
_java_thread_list=0x00007ffe4cfb7a18, length=0, elements={
}

Java Threads: ( => current thread )

Other Threads:
  0x000001de33eca9e0 GCTaskThread "GC Thread#0" [stack: 0x0000003aa7500000,0x0000003aa7600000] [id=12364]
  0x000001de33edafc0 ConcurrentGCThread "G1 Main Marker" [stack: 0x0000003aa7600000,0x0000003aa7700000] [id=24176]
  0x000001de33edb8e0 ConcurrentGCThread "G1 Conc#0" [stack: 0x0000003aa7700000,0x0000003aa7800000] [id=24384]

[error occurred during error reporting (printing all threads), id 0xc0000005, EXCEPTION_ACCESS_VIOLATION (0xc0000005) at pc=0x00007ffe4c7e9b67]

VM state: not at safepoint (not fully initialized)

VM Mutex/Monitor currently owned by a thread:  ([mutex/lock_event])
[0x000001de33e6a530] Heap_lock - owner thread: 0x000001de33e6deb0

Heap address: 0x0000000084400000, size: 1980 MB, Compressed Oops mode: 32-bit

CDS archive(s) mapped at: [0x0000000000000000-0x0000000000000000-0x0000000000000000), size 0, SharedBaseAddress: 0x0000000800000000, ArchiveRelocationMode: 1.
Narrow klass base: 0x0000000000000000, Narrow klass shift: 0, Narrow klass range: 0x0

GC Precious Log:
<Empty>

Heap:
 garbage-first heap   total 0K, used 0K [0x0000000084400000, 0x0000000100000000)
  region size 1024K, 0 young (0K), 0 survivors (0K)

[error occurred during error reporting (printing heap information), id 0xc0000005, EXCEPTION_ACCESS_VIOLATION (0xc0000005) at pc=0x00007ffe4cbd3859]

GC Heap History (0 events):
No events

Deoptimization events (0 events):
No events

Classes unloaded (0 events):
No events

Classes redefined (0 events):
No events

Internal exceptions (0 events):
No events

VM Operations (0 events):
No events

Events (1 events):
Event: 0.006 Loaded shared library C:\Users\Athay\Downloads\jdk-17.0.12_windows-x64_bin\jdk-17.0.12\bin\java.dll


Dynamic libraries:
0x00007ff789be0000 - 0x00007ff789bf0000 	C:\Users\Athay\Downloads\jdk-17.0.12_windows-x64_bin\jdk-17.0.12\bin\javaw.exe
0x00007ffebdba0000 - 0x00007ffebde03000 	C:\WINDOWS\SYSTEM32\ntdll.dll
0x00007ffebc5a0000 - 0x00007ffebc667000 	C:\WINDOWS\System32\KERNEL32.DLL
0x00007ffebb090000 - 0x00007ffebb457000 	C:\WINDOWS\System32\KERNELBASE.dll
0x00007ffebb7f0000 - 0x00007ffebb93c000 	C:\WINDOWS\System32\ucrtbase.dll
0x00007ffea96c0000 - 0x00007ffea96d9000 	C:\Users\Athay\Downloads\jdk-17.0.12_windows-x64_bin\jdk-17.0.12\bin\jli.dll
0x00007ffea9780000 - 0x00007ffea979b000 	C:\Users\Athay\Downloads\jdk-17.0.12_windows-x64_bin\jdk-17.0.12\bin\VCRUNTIME140.dll
0x00007ffebd840000 - 0x00007ffebd8f4000 	C:\WINDOWS\System32\ADVAPI32.dll
0x00007ffebc670000 - 0x00007ffebc719000 	C:\WINDOWS\System32\msvcrt.dll
0x00007ffebd790000 - 0x00007ffebd836000 	C:\WINDOWS\System32\sechost.dll
0x00007ffebce70000 - 0x00007ffebcf86000 	C:\WINDOWS\System32\RPCRT4.dll
0x00007ffebd4d0000 - 0x00007ffebd699000 	C:\WINDOWS\System32\USER32.dll
0x00007ffebb710000 - 0x00007ffebb737000 	C:\WINDOWS\System32\win32u.dll
0x00007ffebc790000 - 0x00007ffebc7ba000 	C:\WINDOWS\System32\GDI32.dll
0x00007ffe9d1d0000 - 0x00007ffe9d460000 	C:\WINDOWS\WinSxS\amd64_microsoft.windows.common-controls_6595b64144ccf1df_6.0.26100.3037_none_3e09262ce333c378\COMCTL32.dll
0x00007ffebb460000 - 0x00007ffebb58b000 	C:\WINDOWS\System32\gdi32full.dll
0x00007ffebb740000 - 0x00007ffebb7e3000 	C:\WINDOWS\System32\msvcp_win.dll
0x00007ffeae1a0000 - 0x00007ffeae1ab000 	C:\WINDOWS\SYSTEM32\VERSION.dll
0x00007ffebb9e0000 - 0x00007ffebba0f000 	C:\WINDOWS\System32\IMM32.DLL
0x00007ffeb2d50000 - 0x00007ffeb2d5c000 	C:\Users\Athay\Downloads\jdk-17.0.12_windows-x64_bin\jdk-17.0.12\bin\vcruntime140_1.dll
0x00007ffe92860000 - 0x00007ffe928ee000 	C:\Users\Athay\Downloads\jdk-17.0.12_windows-x64_bin\jdk-17.0.12\bin\msvcp140.dll
0x00007ffe4c500000 - 0x00007ffe4d0e0000 	C:\Users\Athay\Downloads\jdk-17.0.12_windows-x64_bin\jdk-17.0.12\bin\server\jvm.dll
0x00007ffebdad0000 - 0x00007ffebdad8000 	C:\WINDOWS\System32\PSAPI.DLL
0x00007ffea9270000 - 0x00007ffea92a6000 	C:\WINDOWS\SYSTEM32\WINMM.dll
0x00007ffea5120000 - 0x00007ffea512a000 	C:\WINDOWS\SYSTEM32\WSOCK32.dll
0x00007ffebcdc0000 - 0x00007ffebce34000 	C:\WINDOWS\System32\WS2_32.dll
0x00007ffeb9d70000 - 0x00007ffeb9d8a000 	C:\WINDOWS\SYSTEM32\kernel.appcore.dll
0x00007ffeb4c20000 - 0x00007ffeb4c2a000 	C:\Users\Athay\Downloads\jdk-17.0.12_windows-x64_bin\jdk-17.0.12\bin\jimage.dll
0x00007ffeb8760000 - 0x00007ffeb89a1000 	C:\WINDOWS\SYSTEM32\DBGHELP.DLL
0x00007ffebba20000 - 0x00007ffebbd9e000 	C:\WINDOWS\System32\combase.dll
0x00007ffebd6a0000 - 0x00007ffebd776000 	C:\WINDOWS\System32\OLEAUT32.dll
0x00007ffe401a0000 - 0x00007ffe401d9000 	C:\WINDOWS\SYSTEM32\dbgcore.DLL
0x00007ffebb940000 - 0x00007ffebb9d9000 	C:\WINDOWS\System32\bcryptPrimitives.dll
0x00007ffeb3140000 - 0x00007ffeb3165000 	C:\Users\Athay\Downloads\jdk-17.0.12_windows-x64_bin\jdk-17.0.12\bin\java.dll

dbghelp: loaded successfully - version: 4.0.5 - missing functions: none
symbol engine: initialized successfully - sym options: 0x614 - pdb path: .;C:\Users\Athay\Downloads\jdk-17.0.12_windows-x64_bin\jdk-17.0.12\bin;C:\WINDOWS\SYSTEM32;C:\WINDOWS\WinSxS\amd64_microsoft.windows.common-controls_6595b64144ccf1df_6.0.26100.3037_none_3e09262ce333c378;C:\Users\Athay\Downloads\jdk-17.0.12_windows-x64_bin\jdk-17.0.12\bin\server

VM Arguments:
jvm_args: -Dfile.encoding=UTF-8 -Dstdout.encoding=UTF-8 -Dstderr.encoding=UTF-8 -XX:+ShowCodeDetailsInExceptionMessages 
java_command: tcc1.Tela
java_class_path (initial): C:\Users\Athay\eclipse-workspace\ProjetoIntegrador1Abdiel\bin;C:\Users\Athay\eclipse-workspace\ProjetoIntegrador1Abdiel\mysql-connector-j-8.1.0\mysql-connector-j-8.1.0.jar;C:\Users\Athay\eclipse-workspace\ProjetoIntegrador1Abdiel\jgoodies-common-1.8.0.jar;C:\Users\Athay\eclipse-workspace\ProjetoIntegrador1Abdiel\jgoodies-forms-1.8.0.jar
Launcher Type: SUN_STANDARD

[Global flags]
     intx CICompilerCount                          = 4                                         {product} {ergonomic}
     uint ConcGCThreads                            = 2                                         {product} {ergonomic}
     uint G1ConcRefinementThreads                  = 8                                         {product} {ergonomic}
   size_t G1HeapRegionSize                         = 1048576                                   {product} {ergonomic}
    uintx GCDrainStackTargetSize                   = 64                                        {product} {ergonomic}
   size_t InitialHeapSize                          = 130023424                                 {product} {ergonomic}
   size_t MarkStackSize                            = 4194304                                   {product} {ergonomic}
   size_t MaxHeapSize                              = 2076180480                                {product} {ergonomic}
   size_t MinHeapDeltaBytes                        = 1048576                                   {product} {ergonomic}
   size_t MinHeapSize                              = 8388608                                   {product} {ergonomic}
    uintx NonNMethodCodeHeapSize                   = 5839372                                {pd product} {ergonomic}
    uintx NonProfiledCodeHeapSize                  = 122909434                              {pd product} {ergonomic}
    uintx ProfiledCodeHeapSize                     = 122909434                              {pd product} {ergonomic}
    uintx ReservedCodeCacheSize                    = 251658240                              {pd product} {ergonomic}
     bool SegmentedCodeCache                       = true                                      {product} {ergonomic}
     bool ShowCodeDetailsInExceptionMessages       = true                                   {manageable} {command line}
   size_t SoftMaxHeapSize                          = 2076180480                             {manageable} {ergonomic}
     bool UseCompressedClassPointers               = true                           {product lp64_product} {ergonomic}
     bool UseCompressedOops                        = true                           {product lp64_product} {ergonomic}
     bool UseG1GC                                  = true                                      {product} {ergonomic}
     bool UseLargePagesIndividualAllocation        = false                                  {pd product} {ergonomic}

Logging:
Log output configuration:
 #0: stdout all=warning uptime,level,tags
 #1: stderr all=off uptime,level,tags

Environment Variables:
JAVA_HOME=C:\Users\Athay\Downloads\jdk-17.0.12_windows-x64_bin\jdk-17.0.12
PATH=C:/Users/Athay/Downloads/jdk-17.0.12_windows-x64_bin/jdk-17.0.12/bin/server;C:/Users/Athay/Downloads/jdk-17.0.12_windows-x64_bin/jdk-17.0.12/bin;C:\WINDOWS\system32;C:\WINDOWS;C:\WINDOWS\System32\Wbem;C:\WINDOWS\System32\WindowsPowerShell\v1.0\;C:\WINDOWS\System32\OpenSSH\;C:\Program Files\Git\cmd;C:\Users\Athay\Downloads\apache-maven-3.9.5-bin\apache-maven-3.9.5\bin;C:\Users\Athay\Downloads\jdk-17.0.12_windows-x64_bin\jdk-17.0.12\bin;C:\Program Files\dotnet\;C:\Program Files\MySQL\MySQL Server 8.1\bin;C:\Program Files\Google\Chrome\Application\chrome.exe;C:\Users\Athay\.dotnet\tools;C:\Users\Athay\AppData\Local\Microsoft\WindowsApps;C:\WINDOWS\system32;
USERNAME=Athay
OS=Windows_NT
PROCESSOR_IDENTIFIER=Intel64 Family 6 Model 140 Stepping 1, GenuineIntel



---------------  S Y S T E M  ---------------

OS:
 Windows 11 , 64 bit Build 26100 (10.0.26100.3037)
OS uptime: 1 days 20:16 hours
Hyper-V role detected

CPU: total 8 (initial active 8) (4 cores per cpu, 2 threads per core) family 6 model 140 stepping 1 microcode 0x8a, cx8, cmov, fxsr, ht, mmx, 3dnowpref, sse, sse2, sse3, ssse3, sse4.1, sse4.2, popcnt, lzcnt, tsc, tscinvbit, avx, avx2, aes, erms, clmul, bmi1, bmi2, adx, avx512f, avx512dq, avx512cd, avx512bw, avx512vl, sha, fma, vzeroupper, avx512_vpopcntdq, avx512_vpclmulqdq, avx512_vaes, avx512_vnni, clflush, clflushopt, clwb, avx512_vbmi2, avx512_vbmi, hv

Memory: 4k page, system-wide physical 7915M (1027M free)
TotalPageFile size 32491M (AvailPageFile size 41M)
current process WorkingSet (physical memory assigned to process): 12M, peak: 12M
current process commit charge ("private bytes"): 60M, peak: 184M

vm_info: Java HotSpot(TM) 64-Bit Server VM (17.0.12+8-LTS-286) for windows-amd64 JRE (17.0.12+8-LTS-286), built on Jun  5 2024 06:46:59 by "mach5one" with MS VC++ 17.6 (VS2022)

END.
